!! fixed
#----------------------------------
#2019-07-25
interp1 fixed
!!move age OK
!!need delete age fix points
!!edit mode can not load XRF data???

#----------------------------------
#2019-07-24
!!interp1 can not be used in plot.cpp

!!interp age point to depth
!!interp new age depth model

write new age into matrix 

#---------------------------------
#2019-10-20
!!y axis range, in plots.cpp, line 63-75

!!core sequence, 

#---------------------------------
#2020-1-31
yaxis range fixed

need add function
	to delete age points
	ctrl + z
	keyboard control

#--------------------------------
#2020-2-2
edit mode not working；
	figure not update after call 'edit()'
		--fixed 2020.2.7
	m_maxtrixData updated, but plots not update
		--fixed 2020.2.7


#--------------------------------
#2020-2-7
dataload collaps without error message
	fixed 2020.2.7
black sea records sequences issue
	fixed 2020.2.7
checked, unchecked has different yaxis, loop figmod...
	fixed 2020.2.9

#========================================
#2020-2-9
edit() mode syn with plot() mode
	fixed 2020.2.12
!!!!!plots getting fast !!!!!!
	fixed 2020.2.12

#---------------------------------------
#2020-2-13
yscale crtl+whell
	fixed 2020-2-13
frefernce label
	??????????????
loading progressbar
	?????????????
save function
	works 2020.2.19




